<?xml version="1.0" encoding="UTF-8"?>
<testsuite name="ComputerRepairRequestTest" tests="2" skipped="0" failures="0" errors="0" timestamp="2025-03-06T12:58:00" hostname="ADI" time="0.026">
  <properties/>
  <testcase name="First Test" classname="ComputerRepairRequestTest" time="0.023"/>
  <testcase name="Test Exemplu" classname="ComputerRepairRequestTest" time="0.002"/>
  <system-out><![CDATA[]]></system-out>
  <system-err><![CDATA[]]></system-err>
</testsuite>
